<?xml version="1.0" encoding="UTF-8"?>
<!-- Generated by org.testng.reporters.JUnitXMLReporter -->
<testsuite hostname="mit-dept-c0123" ignored="0" name="Test" tests="4" failures="0" timestamp="23 Apr 2020 04:35:47 GMT" time="0.064" errors="0">
  <testcase name="selStart" time="0.016" classname="qaclickacademy.SeleniumTest"/>
  <testcase name="selStop" time="0.0" classname="qaclickacademy.SeleniumTest"/>
  <testcase name="restStart" time="0.0" classname="qaclickacademy.RestAPITest"/>
  <testcase name="restStop" time="0.016" classname="qaclickacademy.RestAPITest"/>
</testsuite> <!-- Test -->
