<?xml version="1.0" encoding="UTF-8"?>
<!-- Generated by org.testng.reporters.JUnitXMLReporter -->
<testsuite hostname="mit-dept-c0123" ignored="0" name="Command line test" tests="6" failures="0" timestamp="23 Apr 2020 04:36:47 GMT" time="0.069" errors="0">
  <testcase name="appStart" time="0.013" classname="qaclickacademy.AppiumTest"/>
  <testcase name="appStop" time="0.002" classname="qaclickacademy.AppiumTest"/>
  <testcase name="restStart" time="0.0" classname="qaclickacademy.RestAPITest"/>
  <testcase name="restStop" time="0.0" classname="qaclickacademy.RestAPITest"/>
  <testcase name="selStart" time="0.001" classname="qaclickacademy.SeleniumTest"/>
  <testcase name="selStop" time="0.0" classname="qaclickacademy.SeleniumTest"/>
</testsuite> <!-- Command line test -->
