<?xml version="1.0" encoding="UTF-8"?>
<testng-results skipped="0" failed="0" ignored="0" total="4" passed="4">
  <reporter-output>
  </reporter-output>
  <suite name="Suite" duration-ms="64" started-at="2020-04-23T04:35:47Z" finished-at="2020-04-23T04:35:47Z">
    <groups>
    </groups>
    <test name="Test" duration-ms="64" started-at="2020-04-23T04:35:47Z" finished-at="2020-04-23T04:35:47Z">
      <class name="qaclickacademy.RestAPITest">
        <test-method status="PASS" signature="restStop()[pri:0, instance:qaclickacademy.RestAPITest@4bec1f0c]" name="restStop" duration-ms="16" started-at="2020-04-23T10:05:47Z" finished-at="2020-04-23T10:05:47Z">
          <reporter-output>
          </reporter-output>
        </test-method> <!-- restStop -->
        <test-method status="PASS" signature="restStart()[pri:0, instance:qaclickacademy.RestAPITest@4bec1f0c]" name="restStart" duration-ms="0" started-at="2020-04-23T10:05:47Z" finished-at="2020-04-23T10:05:47Z">
          <reporter-output>
          </reporter-output>
        </test-method> <!-- restStart -->
      </class> <!-- qaclickacademy.RestAPITest -->
      <class name="qaclickacademy.SeleniumTest">
        <test-method status="PASS" signature="selStart()[pri:0, instance:qaclickacademy.SeleniumTest@4b952a2d]" name="selStart" duration-ms="16" started-at="2020-04-23T10:05:47Z" finished-at="2020-04-23T10:05:47Z">
          <reporter-output>
          </reporter-output>
        </test-method> <!-- selStart -->
        <test-method status="PASS" signature="selStop()[pri:0, instance:qaclickacademy.SeleniumTest@4b952a2d]" name="selStop" duration-ms="0" started-at="2020-04-23T10:05:47Z" finished-at="2020-04-23T10:05:47Z">
          <reporter-output>
          </reporter-output>
        </test-method> <!-- selStop -->
      </class> <!-- qaclickacademy.SeleniumTest -->
    </test> <!-- Test -->
  </suite> <!-- Suite -->
</testng-results>
